c:\users\sunrui\source\repos\srdemo\srdemo\x64\release\srvision.obj
c:\users\sunrui\source\repos\srdemo\srdemo\x64\release\srtools.obj
c:\users\sunrui\source\repos\srdemo\srdemo\x64\release\srlabel.obj
c:\users\sunrui\source\repos\srdemo\srdemo\x64\release\srdemo.obj
c:\users\sunrui\source\repos\srdemo\srdemo\x64\release\main.obj
c:\users\sunrui\source\repos\srdemo\srdemo\x64\release\moc_srlabel.obj
c:\users\sunrui\source\repos\srdemo\srdemo\x64\release\moc_srdemo.obj
c:\users\sunrui\source\repos\srdemo\srdemo\x64\release\qrc_srdemo.obj
c:\users\sunrui\source\repos\srdemo\srdemo\x64\release\moc_srvision.obj
c:\users\sunrui\source\repos\srdemo\x64\release\srdemo.exe
c:\users\sunrui\source\repos\srdemo\srdemo\x64\release\moc\moc_srdemo.cpp
c:\users\sunrui\source\repos\srdemo\srdemo\x64\release\moc\moc_srlabel.cpp
c:\users\sunrui\source\repos\srdemo\srdemo\x64\release\moc\moc_srvision.cpp
c:\users\sunrui\source\repos\srdemo\srdemo\x64\release\rcc\qrc_srdemo.cpp
c:\users\sunrui\source\repos\srdemo\srdemo\x64\release\uic\ui_srdemo.h
c:\users\sunrui\source\repos\srdemo\srdemo\x64\release\srdemo.tlog\cl.10252.write.1.tlog
c:\users\sunrui\source\repos\srdemo\srdemo\x64\release\srdemo.tlog\cl.command.1.tlog
c:\users\sunrui\source\repos\srdemo\srdemo\x64\release\srdemo.tlog\cl.read.1.tlog
c:\users\sunrui\source\repos\srdemo\srdemo\x64\release\srdemo.tlog\link.command.1.tlog
c:\users\sunrui\source\repos\srdemo\srdemo\x64\release\srdemo.tlog\link.read.1.tlog
c:\users\sunrui\source\repos\srdemo\srdemo\x64\release\srdemo.tlog\link.write.1.tlog
c:\users\sunrui\source\repos\srdemo\srdemo\x64\release\srdemo.tlog\moc.read.1u.tlog
c:\users\sunrui\source\repos\srdemo\srdemo\x64\release\srdemo.tlog\moc.write.1u.tlog
c:\users\sunrui\source\repos\srdemo\srdemo\x64\release\srdemo.tlog\rcc.read.1u.tlog
c:\users\sunrui\source\repos\srdemo\srdemo\x64\release\srdemo.tlog\rcc.write.1u.tlog
c:\users\sunrui\source\repos\srdemo\srdemo\x64\release\srdemo.tlog\srdemo.write.1u.tlog
c:\users\sunrui\source\repos\srdemo\srdemo\x64\release\srdemo.tlog\uic.read.1u.tlog
c:\users\sunrui\source\repos\srdemo\srdemo\x64\release\srdemo.tlog\uic.write.1u.tlog
